<?xml version="1.0" encoding="UTF-8"?>
<!-- Generated by org.testng.reporters.JUnitReportReporter -->
<testsuite skipped="0" hostname="PAVELVORONT95D5" name="rbc.qa_automation_assignment.AmazonTest" tests="1" failures="0" timestamp="21 Sep 2018 17:56:04 GMT" time="18.832" errors="0">
  <testcase name="test" time="18.832" classname="rbc.qa_automation_assignment.AmazonTest"/>
</testsuite> <!-- rbc.qa_automation_assignment.AmazonTest -->
